'2014-02-14 17:01:54 	 INFO FMT 	7E L1 L2 CS SA SA SA SA SA SA DA DA DA DA DA DA CB CB DATA
''2014-02-14 17:01:54 	 INFO IN	7e 1f 00 61 d7 6f a6 25 80 00 00 00 00 00 00 00 02 00 00 04 70 00 03 00 00 00 00 01 00 00 00 
''2014-02-14 17:01:57 	 INFO FMT 	7E L1 L2 CS SA SA SA SA SA SA DA DA DA DA DA DA CB CB DATA
''2014-02-14 17:01:57 	 INFO IN	7e 1f 00 61 d7 6f a6 25 80 00 00 00 00 00 00 00 02 00 00 04 70 00 03 00 00 00 00 01 00 00 00 
''2014-02-14 17:01:57 	 INFO Inverter code: 03 
''2014-02-14 17:01:57 	 INFO FMT 	7E L1 L2 CS SA SA SA SA SA SA DA DA DA DA DA DA CB CB DATA
''2014-02-14 17:01:57 	 INFO OUT	7e 1f 00 61 00 00 00 00 00 00 d7 6f a6 25 80 00 02 00 00 04 70 00 03 00 00 00 00 01 00 00 00 
''2014-02-14 17:01:57 	 INFO FMT 	7E L1 L2 CS SA SA SA SA SA SA DA DA DA DA DA DA CB CB DATA
''2014-02-14 17:01:57 	 INFO IN	7e 1f 00 61 d7 6f a6 25 80 00 00 00 00 00 00 00 0a 00 d7 6f a6 25 80 00 01 19 2d 0f dc 1b 00 
''2014-02-14 17:01:57 	 INFO FMT 	7E L1 L2 CS SA SA SA SA SA SA DA DA DA DA DA DA CB CB DATA
''2014-02-14 17:01:57 	 INFO IN	7e 14 00 6a d7 6f a6 25 80 00 00 00 00 00 00 00 0c 00 02 00 
''2014-02-14 17:01:57 	 INFO FMT 	7E L1 L2 CS SA SA SA SA SA SA DA DA DA DA DA DA CB CB DATA
''2014-02-14 17:01:57 	 INFO IN	7e 22 00 5c d7 6f a6 25 80 00 00 00 00 00 00 00 05 00 d7 6f a6 25 80 00 01 01 19 2d 0f dc 1b 00 02 01 
''2014-02-14 17:01:57 	 INFO Hostadress: 19 2d 0f dc 1b 00 
''2014-02-14 17:01:57 	 INFO FMT 	7E L1 L2 CS SA SA SA SA SA SA DA DA DA DA DA DA CB CB DATA
''2014-02-14 17:01:57 	 INFO OUT	7e 15 00 6b 00 00 00 00 00 00 d7 6f a6 25 80 00 03 00 01 00 01 
''2014-02-14 17:01:57 	 INFO FMT 	7E L1 L2 CS SA SA SA SA SA SA DA DA DA DA DA DA CB CB DATA
''2014-02-14 17:01:57 	 INFO IN	7e 17 00 69 d7 6f a6 25 80 00 00 00 00 00 00 00 04 00 01 00 00 00 01 
''2014-02-14 17:01:57 	 INFO Response 1: 
''2014-02-14 17:01:57 	 INFO FMT 	7E L1 L2 CS SA SA SA SA SA SA DA DA DA DA DA DA CB CB DATA
''2014-02-14 17:01:57 	 INFO OUT	7e 14 00 6a 00 00 00 00 00 00 d7 6f a6 25 80 00 03 00 02 00 
''2014-02-14 17:01:57 	 INFO FMT 	7E L1 L2 CS SA SA SA SA SA SA DA DA DA DA DA DA CB CB DATA
''2014-02-14 17:01:57 	 INFO IN	7e 18 00 66 d7 6f a6 25 80 00 00 00 00 00 00 00 04 00 02 00 00 00 84 03 
''2014-02-14 17:01:57 	 INFO Response 2: 
''2014-02-14 17:01:57 	 INFO FMT 	7E L1 L2 CS SA SA SA SA SA SA DA DA DA DA DA DA CB CB DATA
''2014-02-14 17:01:57 	 INFO OUT	7e 14 00 6a 00 00 00 00 00 00 d7 6f a6 25 80 00 03 00 05 00 
''2014-02-14 17:01:57 	 INFO FMT 	7E L1 L2 CS SA SA SA SA SA SA DA DA DA DA DA DA CB CB DATA
''2014-02-14 17:01:57 	 INFO IN	7e 18 00 66 d7 6f a6 25 80 00 00 00 00 00 00 00 04 00 05 00 00 00 bb 00 
''2014-02-14 17:01:57 	 INFO Signal Strength: 73.33333587646484
'